This file contains any messages produced by compilers while
running configure, to aid debugging if configure makes a mistake.

It was created by fuse-test configure 0.0.1, which was
generated by GNU Autoconf 2.63.  Invocation command line was

  $ ./configure 

## --------- ##
## Platform. ##
## --------- ##

hostname = localhost
uname -m = x86_64
uname -r = 2.6.32-431.el6.x86_64
uname -s = Linux
uname -v = #1 SMP Fri Nov 22 03:15:09 UTC 2013

/usr/bin/uname -p = unknown
/bin/uname -X     = unknown

/bin/arch              = x86_64
/usr/bin/arch -k       = unknown
/usr/convex/getsysinfo = unknown
/usr/bin/hostinfo      = unknown
/bin/machine           = unknown
/usr/bin/oslevel       = unknown
/bin/universe          = unknown

PATH: /usr/local/bin
PATH: /bin
PATH: /usr/bin
PATH: /usr/local/go/bin
PATH: /usr/local/sbin
PATH: /usr/sbin
PATH: /sbin
PATH: /home/mycentos/bin


## ----------- ##
## Core tests. ##
## ----------- ##

configure:1874: checking for a BSD-compatible install
configure:1942: result: /usr/bin/install -c
configure:1953: checking whether build environment is sane
configure:2013: result: yes
configure:2154: checking for a thread-safe mkdir -p
configure:2193: result: /bin/mkdir -p
configure:2206: checking for gawk
configure:2222: found /bin/gawk
configure:2233: result: gawk
configure:2244: checking whether make sets $(MAKE)
configure:2266: result: yes
configure:2399: checking for gcc
configure:2415: found /usr/bin/gcc
configure:2426: result: gcc
configure:2658: checking for C compiler version
configure:2666: gcc --version >&5
gcc (GCC) 4.4.7 20120313 (Red Hat 4.4.7-11)
Copyright (C) 2010 Free Software Foundation, Inc.
This is free software; see the source for copying conditions.  There is NO
warranty; not even for MERCHANTABILITY or FITNESS FOR A PARTICULAR PURPOSE.

configure:2670: $? = 0
configure:2677: gcc -v >&5
Using built-in specs.
Target: x86_64-redhat-linux
Configured with: ../configure --prefix=/usr --mandir=/usr/share/man --infodir=/usr/share/info --with-bugurl=http://bugzilla.redhat.com/bugzilla --enable-bootstrap --enable-shared --enable-threads=posix --enable-checking=release --with-system-zlib --enable-__cxa_atexit --disable-libunwind-exceptions --enable-gnu-unique-object --enable-languages=c,c++,objc,obj-c++,java,fortran,ada --enable-java-awt=gtk --disable-dssi --with-java-home=/usr/lib/jvm/java-1.5.0-gcj-1.5.0.0/jre --enable-libgcj-multifile --enable-java-maintainer-mode --with-ecj-jar=/usr/share/java/eclipse-ecj.jar --disable-libjava-multilib --with-ppl --with-cloog --with-tune=generic --with-arch_32=i686 --build=x86_64-redhat-linux
Thread model: posix
gcc version 4.4.7 20120313 (Red Hat 4.4.7-11) (GCC) 
configure:2681: $? = 0
configure:2688: gcc -V >&5
gcc: '-V' option must have argument
configure:2692: $? = 1
configure:2715: checking for C compiler default output file name
configure:2737: gcc    conftest.c  >&5
configure:2741: $? = 0
configure:2779: result: a.out
configure:2798: checking whether the C compiler works
configure:2808: ./a.out
configure:2812: $? = 0
configure:2831: result: yes
configure:2838: checking whether we are cross compiling
configure:2840: result: no
configure:2843: checking for suffix of executables
configure:2850: gcc -o conftest    conftest.c  >&5
configure:2854: $? = 0
configure:2880: result: 
configure:2886: checking for suffix of object files
configure:2912: gcc -c   conftest.c >&5
configure:2916: $? = 0
configure:2941: result: o
configure:2945: checking whether we are using the GNU C compiler
configure:2974: gcc -c   conftest.c >&5
configure:2981: $? = 0
configure:2998: result: yes
configure:3007: checking whether gcc accepts -g
configure:3037: gcc -c -g  conftest.c >&5
configure:3044: $? = 0
configure:3145: result: yes
configure:3162: checking for gcc option to accept ISO C89
configure:3236: gcc  -c -g -O2  conftest.c >&5
configure:3243: $? = 0
configure:3266: result: none needed
configure:3295: checking for style of include used by make
configure:3323: result: GNU
configure:3348: checking dependency style of gcc
configure:3458: result: gcc3
configure:3483: checking how to run the C preprocessor
configure:3523: gcc -E  conftest.c
configure:3530: $? = 0
configure:3561: gcc -E  conftest.c
conftest.c:10:28: error: ac_nonexistent.h: No such file or directory
configure:3568: $? = 1
configure: failed program was:
| /* confdefs.h.  */
| #define PACKAGE_NAME "fuse-test"
| #define PACKAGE_TARNAME "fuse-test"
| #define PACKAGE_VERSION "0.0.1"
| #define PACKAGE_STRING "fuse-test 0.0.1"
| #define PACKAGE_BUGREPORT "891873395@qq.com"
| #define PACKAGE "fuse-test"
| #define VERSION "0.0.1"
| /* end confdefs.h.  */
| #include <ac_nonexistent.h>
configure:3601: result: gcc -E
configure:3630: gcc -E  conftest.c
configure:3637: $? = 0
configure:3668: gcc -E  conftest.c
conftest.c:10:28: error: ac_nonexistent.h: No such file or directory
configure:3675: $? = 1
configure: failed program was:
| /* confdefs.h.  */
| #define PACKAGE_NAME "fuse-test"
| #define PACKAGE_TARNAME "fuse-test"
| #define PACKAGE_VERSION "0.0.1"
| #define PACKAGE_STRING "fuse-test 0.0.1"
| #define PACKAGE_BUGREPORT "891873395@qq.com"
| #define PACKAGE "fuse-test"
| #define VERSION "0.0.1"
| /* end confdefs.h.  */
| #include <ac_nonexistent.h>
configure:3715: checking for grep that handles long lines and -e
configure:3775: result: /bin/grep
configure:3780: checking for egrep
configure:3844: result: /bin/grep -E
configure:3849: checking for ANSI C header files
configure:3879: gcc -c -g -O2  conftest.c >&5
configure:3886: $? = 0
configure:3985: gcc -o conftest -g -O2   conftest.c  >&5
configure:3989: $? = 0
configure:3995: ./conftest
configure:3999: $? = 0
configure:4017: result: yes
configure:4041: checking for sys/types.h
configure:4062: gcc -c -g -O2  conftest.c >&5
configure:4069: $? = 0
configure:4086: result: yes
configure:4041: checking for sys/stat.h
configure:4062: gcc -c -g -O2  conftest.c >&5
configure:4069: $? = 0
configure:4086: result: yes
configure:4041: checking for stdlib.h
configure:4062: gcc -c -g -O2  conftest.c >&5
configure:4069: $? = 0
configure:4086: result: yes
configure:4041: checking for string.h
configure:4062: gcc -c -g -O2  conftest.c >&5
configure:4069: $? = 0
configure:4086: result: yes
configure:4041: checking for memory.h
configure:4062: gcc -c -g -O2  conftest.c >&5
configure:4069: $? = 0
configure:4086: result: yes
configure:4041: checking for strings.h
configure:4062: gcc -c -g -O2  conftest.c >&5
configure:4069: $? = 0
configure:4086: result: yes
configure:4041: checking for inttypes.h
configure:4062: gcc -c -g -O2  conftest.c >&5
configure:4069: $? = 0
configure:4086: result: yes
configure:4041: checking for stdint.h
configure:4062: gcc -c -g -O2  conftest.c >&5
configure:4069: $? = 0
configure:4086: result: yes
configure:4041: checking for unistd.h
configure:4062: gcc -c -g -O2  conftest.c >&5
configure:4069: $? = 0
configure:4086: result: yes
configure:4120: checking fcntl.h usability
configure:4137: gcc -c -g -O2  conftest.c >&5
configure:4144: $? = 0
configure:4158: result: yes
configure:4162: checking fcntl.h presence
configure:4177: gcc -E  conftest.c
configure:4184: $? = 0
configure:4198: result: yes
configure:4231: checking for fcntl.h
configure:4240: result: yes
configure:4109: checking for stdlib.h
configure:4116: result: yes
configure:4109: checking for string.h
configure:4116: result: yes
configure:4120: checking sys/time.h usability
configure:4137: gcc -c -g -O2  conftest.c >&5
configure:4144: $? = 0
configure:4158: result: yes
configure:4162: checking sys/time.h presence
configure:4177: gcc -E  conftest.c
configure:4184: $? = 0
configure:4198: result: yes
configure:4231: checking for sys/time.h
configure:4240: result: yes
configure:4109: checking for unistd.h
configure:4116: result: yes
configure:4256: checking for fuse_main in -lfuse
configure:4291: gcc -o conftest -g -O2   conftest.c -lfuse   >&5
configure:4298: $? = 0
configure:4319: result: yes
configure:4336: checking for uid_t in sys/types.h
configure:4359: result: yes
configure:4374: checking for inline
configure:4400: gcc -c -g -O2  conftest.c >&5
configure:4407: $? = 0
configure:4425: result: inline
configure:4444: checking for mode_t
configure:4472: gcc -c -g -O2  conftest.c >&5
configure:4479: $? = 0
configure:4506: gcc -c -g -O2  conftest.c >&5
conftest.c: In function 'main':
conftest.c:62: error: expected expression before ')' token
configure:4513: $? = 1
configure: failed program was:
| /* confdefs.h.  */
| #define PACKAGE_NAME "fuse-test"
| #define PACKAGE_TARNAME "fuse-test"
| #define PACKAGE_VERSION "0.0.1"
| #define PACKAGE_STRING "fuse-test 0.0.1"
| #define PACKAGE_BUGREPORT "891873395@qq.com"
| #define PACKAGE "fuse-test"
| #define VERSION "0.0.1"
| #define STDC_HEADERS 1
| #define HAVE_SYS_TYPES_H 1
| #define HAVE_SYS_STAT_H 1
| #define HAVE_STDLIB_H 1
| #define HAVE_STRING_H 1
| #define HAVE_MEMORY_H 1
| #define HAVE_STRINGS_H 1
| #define HAVE_INTTYPES_H 1
| #define HAVE_STDINT_H 1
| #define HAVE_UNISTD_H 1
| #define HAVE_FCNTL_H 1
| #define HAVE_STDLIB_H 1
| #define HAVE_STRING_H 1
| #define HAVE_SYS_TIME_H 1
| #define HAVE_UNISTD_H 1
| #define HAVE_LIBFUSE 1
| /* end confdefs.h.  */
| #include <stdio.h>
| #ifdef HAVE_SYS_TYPES_H
| # include <sys/types.h>
| #endif
| #ifdef HAVE_SYS_STAT_H
| # include <sys/stat.h>
| #endif
| #ifdef STDC_HEADERS
| # include <stdlib.h>
| # include <stddef.h>
| #else
| # ifdef HAVE_STDLIB_H
| #  include <stdlib.h>
| # endif
| #endif
| #ifdef HAVE_STRING_H
| # if !defined STDC_HEADERS && defined HAVE_MEMORY_H
| #  include <memory.h>
| # endif
| # include <string.h>
| #endif
| #ifdef HAVE_STRINGS_H
| # include <strings.h>
| #endif
| #ifdef HAVE_INTTYPES_H
| # include <inttypes.h>
| #endif
| #ifdef HAVE_STDINT_H
| # include <stdint.h>
| #endif
| #ifdef HAVE_UNISTD_H
| # include <unistd.h>
| #endif
| int
| main ()
| {
| if (sizeof ((mode_t)))
| 	  return 0;
|   ;
|   return 0;
| }
configure:4536: result: yes
configure:4548: checking for off_t
configure:4576: gcc -c -g -O2  conftest.c >&5
configure:4583: $? = 0
configure:4610: gcc -c -g -O2  conftest.c >&5
conftest.c: In function 'main':
conftest.c:62: error: expected expression before ')' token
configure:4617: $? = 1
configure: failed program was:
| /* confdefs.h.  */
| #define PACKAGE_NAME "fuse-test"
| #define PACKAGE_TARNAME "fuse-test"
| #define PACKAGE_VERSION "0.0.1"
| #define PACKAGE_STRING "fuse-test 0.0.1"
| #define PACKAGE_BUGREPORT "891873395@qq.com"
| #define PACKAGE "fuse-test"
| #define VERSION "0.0.1"
| #define STDC_HEADERS 1
| #define HAVE_SYS_TYPES_H 1
| #define HAVE_SYS_STAT_H 1
| #define HAVE_STDLIB_H 1
| #define HAVE_STRING_H 1
| #define HAVE_MEMORY_H 1
| #define HAVE_STRINGS_H 1
| #define HAVE_INTTYPES_H 1
| #define HAVE_STDINT_H 1
| #define HAVE_UNISTD_H 1
| #define HAVE_FCNTL_H 1
| #define HAVE_STDLIB_H 1
| #define HAVE_STRING_H 1
| #define HAVE_SYS_TIME_H 1
| #define HAVE_UNISTD_H 1
| #define HAVE_LIBFUSE 1
| /* end confdefs.h.  */
| #include <stdio.h>
| #ifdef HAVE_SYS_TYPES_H
| # include <sys/types.h>
| #endif
| #ifdef HAVE_SYS_STAT_H
| # include <sys/stat.h>
| #endif
| #ifdef STDC_HEADERS
| # include <stdlib.h>
| # include <stddef.h>
| #else
| # ifdef HAVE_STDLIB_H
| #  include <stdlib.h>
| # endif
| #endif
| #ifdef HAVE_STRING_H
| # if !defined STDC_HEADERS && defined HAVE_MEMORY_H
| #  include <memory.h>
| # endif
| # include <string.h>
| #endif
| #ifdef HAVE_STRINGS_H
| # include <strings.h>
| #endif
| #ifdef HAVE_INTTYPES_H
| # include <inttypes.h>
| #endif
| #ifdef HAVE_STDINT_H
| # include <stdint.h>
| #endif
| #ifdef HAVE_UNISTD_H
| # include <unistd.h>
| #endif
| int
| main ()
| {
| if (sizeof ((off_t)))
| 	  return 0;
|   ;
|   return 0;
| }
configure:4640: result: yes
configure:4652: checking for size_t
configure:4680: gcc -c -g -O2  conftest.c >&5
configure:4687: $? = 0
configure:4714: gcc -c -g -O2  conftest.c >&5
conftest.c: In function 'main':
conftest.c:62: error: expected expression before ')' token
configure:4721: $? = 1
configure: failed program was:
| /* confdefs.h.  */
| #define PACKAGE_NAME "fuse-test"
| #define PACKAGE_TARNAME "fuse-test"
| #define PACKAGE_VERSION "0.0.1"
| #define PACKAGE_STRING "fuse-test 0.0.1"
| #define PACKAGE_BUGREPORT "891873395@qq.com"
| #define PACKAGE "fuse-test"
| #define VERSION "0.0.1"
| #define STDC_HEADERS 1
| #define HAVE_SYS_TYPES_H 1
| #define HAVE_SYS_STAT_H 1
| #define HAVE_STDLIB_H 1
| #define HAVE_STRING_H 1
| #define HAVE_MEMORY_H 1
| #define HAVE_STRINGS_H 1
| #define HAVE_INTTYPES_H 1
| #define HAVE_STDINT_H 1
| #define HAVE_UNISTD_H 1
| #define HAVE_FCNTL_H 1
| #define HAVE_STDLIB_H 1
| #define HAVE_STRING_H 1
| #define HAVE_SYS_TIME_H 1
| #define HAVE_UNISTD_H 1
| #define HAVE_LIBFUSE 1
| /* end confdefs.h.  */
| #include <stdio.h>
| #ifdef HAVE_SYS_TYPES_H
| # include <sys/types.h>
| #endif
| #ifdef HAVE_SYS_STAT_H
| # include <sys/stat.h>
| #endif
| #ifdef STDC_HEADERS
| # include <stdlib.h>
| # include <stddef.h>
| #else
| # ifdef HAVE_STDLIB_H
| #  include <stdlib.h>
| # endif
| #endif
| #ifdef HAVE_STRING_H
| # if !defined STDC_HEADERS && defined HAVE_MEMORY_H
| #  include <memory.h>
| # endif
| # include <string.h>
| #endif
| #ifdef HAVE_STRINGS_H
| # include <strings.h>
| #endif
| #ifdef HAVE_INTTYPES_H
| # include <inttypes.h>
| #endif
| #ifdef HAVE_STDINT_H
| # include <stdint.h>
| #endif
| #ifdef HAVE_UNISTD_H
| # include <unistd.h>
| #endif
| int
| main ()
| {
| if (sizeof ((size_t)))
| 	  return 0;
|   ;
|   return 0;
| }
configure:4744: result: yes
configure:4758: checking whether lstat dereferences a symlink specified with a trailing slash
configure:4794: gcc -o conftest -g -O2   conftest.c -lfuse  >&5
configure:4798: $? = 0
configure:4804: ./conftest
configure:4808: $? = 0
configure:4832: result: yes
configure:4856: checking for stdlib.h
configure:4863: result: yes
configure:5002: checking for GNU libc compatible malloc
configure:5036: gcc -o conftest -g -O2   conftest.c -lfuse  >&5
configure:5040: $? = 0
configure:5046: ./conftest
configure:5050: $? = 0
configure:5067: result: yes
configure:5103: checking for lchown
configure:5159: gcc -o conftest -g -O2   conftest.c -lfuse  >&5
configure:5166: $? = 0
configure:5188: result: yes
configure:5103: checking for memset
configure:5159: gcc -o conftest -g -O2   conftest.c -lfuse  >&5
conftest.c:53: warning: conflicting types for built-in function 'memset'
configure:5166: $? = 0
configure:5188: result: yes
configure:5103: checking for mkdir
configure:5159: gcc -o conftest -g -O2   conftest.c -lfuse  >&5
configure:5166: $? = 0
configure:5188: result: yes
configure:5103: checking for mkfifo
configure:5159: gcc -o conftest -g -O2   conftest.c -lfuse  >&5
configure:5166: $? = 0
configure:5188: result: yes
configure:5103: checking for rmdir
configure:5159: gcc -o conftest -g -O2   conftest.c -lfuse  >&5
configure:5166: $? = 0
configure:5188: result: yes
configure:5326: creating ./config.status

## ---------------------- ##
## Running config.status. ##
## ---------------------- ##

This file was extended by fuse-test config.status 0.0.1, which was
generated by GNU Autoconf 2.63.  Invocation command line was

  CONFIG_FILES    = 
  CONFIG_HEADERS  = 
  CONFIG_LINKS    = 
  CONFIG_COMMANDS = 
  $ ./config.status 

on localhost

config.status:787: creating Makefile
config.status:787: creating oufs/Makefile
config.status:787: creating xmp/Makefile
config.status:787: creating config.h
config.status:1009: config.h is unchanged
config.status:1061: executing depfiles commands

## ---------------- ##
## Cache variables. ##
## ---------------- ##

ac_cv_c_compiler_gnu=yes
ac_cv_c_inline=inline
ac_cv_env_CC_set=
ac_cv_env_CC_value=
ac_cv_env_CFLAGS_set=
ac_cv_env_CFLAGS_value=
ac_cv_env_CPPFLAGS_set=
ac_cv_env_CPPFLAGS_value=
ac_cv_env_CPP_set=
ac_cv_env_CPP_value=
ac_cv_env_LDFLAGS_set=
ac_cv_env_LDFLAGS_value=
ac_cv_env_LIBS_set=
ac_cv_env_LIBS_value=
ac_cv_env_build_alias_set=
ac_cv_env_build_alias_value=
ac_cv_env_host_alias_set=
ac_cv_env_host_alias_value=
ac_cv_env_target_alias_set=
ac_cv_env_target_alias_value=
ac_cv_func_lchown=yes
ac_cv_func_lstat_dereferences_slashed_symlink=yes
ac_cv_func_malloc_0_nonnull=yes
ac_cv_func_memset=yes
ac_cv_func_mkdir=yes
ac_cv_func_mkfifo=yes
ac_cv_func_rmdir=yes
ac_cv_header_fcntl_h=yes
ac_cv_header_inttypes_h=yes
ac_cv_header_memory_h=yes
ac_cv_header_stdc=yes
ac_cv_header_stdint_h=yes
ac_cv_header_stdlib_h=yes
ac_cv_header_string_h=yes
ac_cv_header_strings_h=yes
ac_cv_header_sys_stat_h=yes
ac_cv_header_sys_time_h=yes
ac_cv_header_sys_types_h=yes
ac_cv_header_unistd_h=yes
ac_cv_lib_fuse_fuse_main=yes
ac_cv_objext=o
ac_cv_path_EGREP='/bin/grep -E'
ac_cv_path_GREP=/bin/grep
ac_cv_path_install='/usr/bin/install -c'
ac_cv_path_mkdir=/bin/mkdir
ac_cv_prog_AWK=gawk
ac_cv_prog_CPP='gcc -E'
ac_cv_prog_ac_ct_CC=gcc
ac_cv_prog_cc_c89=
ac_cv_prog_cc_g=yes
ac_cv_prog_make_make_set=yes
ac_cv_type_mode_t=yes
ac_cv_type_off_t=yes
ac_cv_type_size_t=yes
ac_cv_type_uid_t=yes
am_cv_CC_dependencies_compiler_type=gcc3

## ----------------- ##
## Output variables. ##
## ----------------- ##

ACLOCAL='${SHELL} /home/mycentos/mygit/fuse-test/auto_oufs/missing --run aclocal-1.11'
AMDEPBACKSLASH='\'
AMDEP_FALSE='#'
AMDEP_TRUE=''
AMTAR='${SHELL} /home/mycentos/mygit/fuse-test/auto_oufs/missing --run tar'
AUTOCONF='${SHELL} /home/mycentos/mygit/fuse-test/auto_oufs/missing --run autoconf'
AUTOHEADER='${SHELL} /home/mycentos/mygit/fuse-test/auto_oufs/missing --run autoheader'
AUTOMAKE='${SHELL} /home/mycentos/mygit/fuse-test/auto_oufs/missing --run automake-1.11'
AWK='gawk'
CC='gcc'
CCDEPMODE='depmode=gcc3'
CFLAGS='-g -O2'
CPP='gcc -E'
CPPFLAGS=''
CYGPATH_W='echo'
DEFS='-DHAVE_CONFIG_H'
DEPDIR='.deps'
ECHO_C=''
ECHO_N='-n'
ECHO_T=''
EGREP='/bin/grep -E'
EXEEXT=''
GREP='/bin/grep'
INSTALL_DATA='${INSTALL} -m 644'
INSTALL_PROGRAM='${INSTALL}'
INSTALL_SCRIPT='${INSTALL}'
INSTALL_STRIP_PROGRAM='$(install_sh) -c -s'
LDFLAGS=''
LIBOBJS=''
LIBS='-lfuse '
LTLIBOBJS=''
MAKEINFO='${SHELL} /home/mycentos/mygit/fuse-test/auto_oufs/missing --run makeinfo'
MKDIR_P='/bin/mkdir -p'
OBJEXT='o'
PACKAGE='fuse-test'
PACKAGE_BUGREPORT='891873395@qq.com'
PACKAGE_NAME='fuse-test'
PACKAGE_STRING='fuse-test 0.0.1'
PACKAGE_TARNAME='fuse-test'
PACKAGE_VERSION='0.0.1'
PATH_SEPARATOR=':'
SET_MAKE=''
SHELL='/bin/sh'
STRIP=''
VERSION='0.0.1'
ac_ct_CC='gcc'
am__EXEEXT_FALSE=''
am__EXEEXT_TRUE='#'
am__fastdepCC_FALSE='#'
am__fastdepCC_TRUE=''
am__include='include'
am__isrc=''
am__leading_dot='.'
am__quote=''
am__tar='${AMTAR} chof - "$$tardir"'
am__untar='${AMTAR} xf -'
bindir='${exec_prefix}/bin'
build_alias=''
datadir='${datarootdir}'
datarootdir='${prefix}/share'
docdir='${datarootdir}/doc/${PACKAGE_TARNAME}'
dvidir='${docdir}'
exec_prefix='${prefix}'
host_alias=''
htmldir='${docdir}'
includedir='${prefix}/include'
infodir='${datarootdir}/info'
install_sh='${SHELL} /home/mycentos/mygit/fuse-test/auto_oufs/install-sh'
libdir='${exec_prefix}/lib'
libexecdir='${exec_prefix}/libexec'
localedir='${datarootdir}/locale'
localstatedir='${prefix}/var'
mandir='${datarootdir}/man'
mkdir_p='/bin/mkdir -p'
oldincludedir='/usr/include'
pdfdir='${docdir}'
prefix='/usr/local'
program_transform_name='s,x,x,'
psdir='${docdir}'
sbindir='${exec_prefix}/sbin'
sharedstatedir='${prefix}/com'
sysconfdir='${prefix}/etc'
target_alias=''

## ----------- ##
## confdefs.h. ##
## ----------- ##

#define PACKAGE_NAME "fuse-test"
#define PACKAGE_TARNAME "fuse-test"
#define PACKAGE_VERSION "0.0.1"
#define PACKAGE_STRING "fuse-test 0.0.1"
#define PACKAGE_BUGREPORT "891873395@qq.com"
#define PACKAGE "fuse-test"
#define VERSION "0.0.1"
#define STDC_HEADERS 1
#define HAVE_SYS_TYPES_H 1
#define HAVE_SYS_STAT_H 1
#define HAVE_STDLIB_H 1
#define HAVE_STRING_H 1
#define HAVE_MEMORY_H 1
#define HAVE_STRINGS_H 1
#define HAVE_INTTYPES_H 1
#define HAVE_STDINT_H 1
#define HAVE_UNISTD_H 1
#define HAVE_FCNTL_H 1
#define HAVE_STDLIB_H 1
#define HAVE_STRING_H 1
#define HAVE_SYS_TIME_H 1
#define HAVE_UNISTD_H 1
#define HAVE_LIBFUSE 1
#define LSTAT_FOLLOWS_SLASHED_SYMLINK 1
#define HAVE_STDLIB_H 1
#define HAVE_MALLOC 1
#define HAVE_LCHOWN 1
#define HAVE_MEMSET 1
#define HAVE_MKDIR 1
#define HAVE_MKFIFO 1
#define HAVE_RMDIR 1

configure: exit 0
